[2025-04-17T03:31:32.221+0000] {local_task_job_runner.py:120} INFO - ::group::Pre task execution logs
[2025-04-17T03:31:32.278+0000] {taskinstance.py:2076} INFO - Dependencies all met for dep_context=non-requeueable deps ti=<TaskInstance: plusvalia_pipeline.load_outputs manual__2025-04-17T03:29:21.105577+00:00 [queued]>
[2025-04-17T03:31:32.301+0000] {taskinstance.py:2076} INFO - Dependencies all met for dep_context=requeueable deps ti=<TaskInstance: plusvalia_pipeline.load_outputs manual__2025-04-17T03:29:21.105577+00:00 [queued]>
[2025-04-17T03:31:32.303+0000] {taskinstance.py:2306} INFO - Starting attempt 1 of 2
[2025-04-17T03:31:32.324+0000] {taskinstance.py:2330} INFO - Executing <Task(PythonOperator): load_outputs> on 2025-04-17 03:29:21.105577+00:00
[2025-04-17T03:31:32.342+0000] {standard_task_runner.py:90} INFO - Running: ['***', 'tasks', 'run', 'plusvalia_pipeline', 'load_outputs', 'manual__2025-04-17T03:29:21.105577+00:00', '--job-id', '5', '--raw', '--subdir', 'DAGS_FOLDER/plusvalia_pipeline_dag.py', '--cfg-path', '/tmp/tmpxftcnu8t']
[2025-04-17T03:31:32.347+0000] {standard_task_runner.py:91} INFO - Job 5: Subtask load_outputs
[2025-04-17T03:31:32.351+0000] {logging_mixin.py:188} WARNING - /home/***/.local/lib/python3.12/site-packages/***/task/task_runner/standard_task_runner.py:61 DeprecationWarning: This process (pid=293) is multi-threaded, use of fork() may lead to deadlocks in the child.
[2025-04-17T03:31:32.352+0000] {standard_task_runner.py:63} INFO - Started process 295 to run task
[2025-04-17T03:31:32.443+0000] {task_command.py:426} INFO - Running <TaskInstance: plusvalia_pipeline.load_outputs manual__2025-04-17T03:29:21.105577+00:00 [running]> on host ee6c3cbd6aa6
[2025-04-17T03:31:32.606+0000] {taskinstance.py:2648} INFO - Exporting env vars: AIRFLOW_CTX_DAG_OWNER='Brayan Miranda' AIRFLOW_CTX_DAG_ID='plusvalia_pipeline' AIRFLOW_CTX_TASK_ID='load_outputs' AIRFLOW_CTX_EXECUTION_DATE='2025-04-17T03:29:21.105577+00:00' AIRFLOW_CTX_TRY_NUMBER='1' AIRFLOW_CTX_DAG_RUN_ID='manual__2025-04-17T03:29:21.105577+00:00'
[2025-04-17T03:31:32.608+0000] {taskinstance.py:430} INFO - ::endgroup::
[2025-04-17T03:31:32.629+0000] {logging_mixin.py:188} INFO - Consolidando resultados finales...
[2025-04-17T03:31:33.285+0000] {logging_mixin.py:188} INFO - 2345 manzanas exportadas a GeoJSON.
[2025-04-17T03:31:33.286+0000] {logging_mixin.py:188} INFO - 2345 registros exportados a Parquet.
[2025-04-17T03:31:33.287+0000] {logging_mixin.py:188} INFO - Archivos disponibles en data/processed/
[2025-04-17T03:31:33.291+0000] {python.py:237} INFO - Done. Returned value was: None
[2025-04-17T03:31:33.292+0000] {taskinstance.py:441} INFO - ::group::Post task execution logs
[2025-04-17T03:31:33.312+0000] {taskinstance.py:1206} INFO - Marking task as SUCCESS. dag_id=plusvalia_pipeline, task_id=load_outputs, run_id=manual__2025-04-17T03:29:21.105577+00:00, execution_date=20250417T032921, start_date=20250417T033132, end_date=20250417T033133
[2025-04-17T03:31:33.358+0000] {local_task_job_runner.py:240} INFO - Task exited with return code 0
[2025-04-17T03:31:33.384+0000] {taskinstance.py:3498} INFO - 0 downstream tasks scheduled from follow-on schedule check
[2025-04-17T03:31:33.406+0000] {local_task_job_runner.py:222} INFO - ::endgroup::
