[2025-04-16T19:28:38.412+0000] {local_task_job_runner.py:120} INFO - ::group::Pre task execution logs
[2025-04-16T19:28:38.470+0000] {taskinstance.py:2076} INFO - Dependencies all met for dep_context=non-requeueable deps ti=<TaskInstance: plusvalia_pipeline.load_outputs manual__2025-04-16T19:26:46.627755+00:00 [queued]>
[2025-04-16T19:28:38.488+0000] {taskinstance.py:2076} INFO - Dependencies all met for dep_context=requeueable deps ti=<TaskInstance: plusvalia_pipeline.load_outputs manual__2025-04-16T19:26:46.627755+00:00 [queued]>
[2025-04-16T19:28:38.489+0000] {taskinstance.py:2306} INFO - Starting attempt 1 of 2
[2025-04-16T19:28:38.530+0000] {taskinstance.py:2330} INFO - Executing <Task(PythonOperator): load_outputs> on 2025-04-16 19:26:46.627755+00:00
[2025-04-16T19:28:38.545+0000] {standard_task_runner.py:90} INFO - Running: ['***', 'tasks', 'run', 'plusvalia_pipeline', 'load_outputs', 'manual__2025-04-16T19:26:46.627755+00:00', '--job-id', '5', '--raw', '--subdir', 'DAGS_FOLDER/plusvalia_pipeline_dag.py', '--cfg-path', '/tmp/tmp8xbf8_6b']
[2025-04-16T19:28:38.551+0000] {standard_task_runner.py:91} INFO - Job 5: Subtask load_outputs
[2025-04-16T19:28:38.550+0000] {logging_mixin.py:188} WARNING - /home/***/.local/lib/python3.12/site-packages/***/task/task_runner/standard_task_runner.py:61 DeprecationWarning: This process (pid=211) is multi-threaded, use of fork() may lead to deadlocks in the child.
[2025-04-16T19:28:38.553+0000] {standard_task_runner.py:63} INFO - Started process 213 to run task
[2025-04-16T19:28:38.643+0000] {task_command.py:426} INFO - Running <TaskInstance: plusvalia_pipeline.load_outputs manual__2025-04-16T19:26:46.627755+00:00 [running]> on host ffdc4f08b9b2
[2025-04-16T19:28:38.824+0000] {taskinstance.py:2648} INFO - Exporting env vars: AIRFLOW_CTX_DAG_OWNER='Brayan Miranda' AIRFLOW_CTX_DAG_ID='plusvalia_pipeline' AIRFLOW_CTX_TASK_ID='load_outputs' AIRFLOW_CTX_EXECUTION_DATE='2025-04-16T19:26:46.627755+00:00' AIRFLOW_CTX_TRY_NUMBER='1' AIRFLOW_CTX_DAG_RUN_ID='manual__2025-04-16T19:26:46.627755+00:00'
[2025-04-16T19:28:38.827+0000] {taskinstance.py:430} INFO - ::endgroup::
[2025-04-16T19:28:38.849+0000] {logging_mixin.py:188} INFO - Consolidando resultados finales...
[2025-04-16T19:28:39.130+0000] {logging_mixin.py:188} INFO - 126 manzanas exportadas a GeoJSON.
[2025-04-16T19:28:39.131+0000] {logging_mixin.py:188} INFO - 126 registros exportados a Parquet.
[2025-04-16T19:28:39.132+0000] {logging_mixin.py:188} INFO - Archivos disponibles en data/processed/
[2025-04-16T19:28:39.133+0000] {python.py:237} INFO - Done. Returned value was: None
[2025-04-16T19:28:39.133+0000] {taskinstance.py:441} INFO - ::group::Post task execution logs
[2025-04-16T19:28:39.147+0000] {taskinstance.py:1206} INFO - Marking task as SUCCESS. dag_id=plusvalia_pipeline, task_id=load_outputs, run_id=manual__2025-04-16T19:26:46.627755+00:00, execution_date=20250416T192646, start_date=20250416T192838, end_date=20250416T192839
[2025-04-16T19:28:39.189+0000] {local_task_job_runner.py:240} INFO - Task exited with return code 0
[2025-04-16T19:28:39.214+0000] {taskinstance.py:3498} INFO - 0 downstream tasks scheduled from follow-on schedule check
[2025-04-16T19:28:39.217+0000] {local_task_job_runner.py:222} INFO - ::endgroup::
