[2025-04-16T19:28:30.052+0000] {local_task_job_runner.py:120} INFO - ::group::Pre task execution logs
[2025-04-16T19:28:30.102+0000] {taskinstance.py:2076} INFO - Dependencies all met for dep_context=non-requeueable deps ti=<TaskInstance: plusvalia_pipeline.extract_geodata manual__2025-04-16T19:26:46.627755+00:00 [queued]>
[2025-04-16T19:28:30.116+0000] {taskinstance.py:2076} INFO - Dependencies all met for dep_context=requeueable deps ti=<TaskInstance: plusvalia_pipeline.extract_geodata manual__2025-04-16T19:26:46.627755+00:00 [queued]>
[2025-04-16T19:28:30.117+0000] {taskinstance.py:2306} INFO - Starting attempt 1 of 2
[2025-04-16T19:28:30.143+0000] {taskinstance.py:2330} INFO - Executing <Task(PythonOperator): extract_geodata> on 2025-04-16 19:26:46.627755+00:00
[2025-04-16T19:28:30.156+0000] {standard_task_runner.py:90} INFO - Running: ['***', 'tasks', 'run', 'plusvalia_pipeline', 'extract_geodata', 'manual__2025-04-16T19:26:46.627755+00:00', '--job-id', '3', '--raw', '--subdir', 'DAGS_FOLDER/plusvalia_pipeline_dag.py', '--cfg-path', '/tmp/tmp22zg7rjo']
[2025-04-16T19:28:30.161+0000] {standard_task_runner.py:91} INFO - Job 3: Subtask extract_geodata
[2025-04-16T19:28:30.161+0000] {logging_mixin.py:188} WARNING - /home/***/.local/lib/python3.12/site-packages/***/task/task_runner/standard_task_runner.py:61 DeprecationWarning: This process (pid=205) is multi-threaded, use of fork() may lead to deadlocks in the child.
[2025-04-16T19:28:30.166+0000] {standard_task_runner.py:63} INFO - Started process 207 to run task
[2025-04-16T19:28:30.243+0000] {task_command.py:426} INFO - Running <TaskInstance: plusvalia_pipeline.extract_geodata manual__2025-04-16T19:26:46.627755+00:00 [running]> on host ffdc4f08b9b2
[2025-04-16T19:28:30.383+0000] {taskinstance.py:2648} INFO - Exporting env vars: AIRFLOW_CTX_DAG_OWNER='Brayan Miranda' AIRFLOW_CTX_DAG_ID='plusvalia_pipeline' AIRFLOW_CTX_TASK_ID='extract_geodata' AIRFLOW_CTX_EXECUTION_DATE='2025-04-16T19:26:46.627755+00:00' AIRFLOW_CTX_TRY_NUMBER='1' AIRFLOW_CTX_DAG_RUN_ID='manual__2025-04-16T19:26:46.627755+00:00'
[2025-04-16T19:28:30.385+0000] {taskinstance.py:430} INFO - ::endgroup::
[2025-04-16T19:28:30.404+0000] {logging_mixin.py:188} INFO - Cargando shapefiles y servicios...
[2025-04-16T19:28:31.321+0000] {raw.py:723} INFO - Created 126 records
[2025-04-16T19:28:31.685+0000] {raw.py:723} INFO - Created 92 records
[2025-04-16T19:28:31.930+0000] {raw.py:723} INFO - Created 184 records
[2025-04-16T19:28:31.932+0000] {logging_mixin.py:188} INFO - Datos geoespaciales cargados y guardados en data/processed/
[2025-04-16T19:28:31.935+0000] {python.py:237} INFO - Done. Returned value was: None
[2025-04-16T19:28:31.936+0000] {taskinstance.py:441} INFO - ::group::Post task execution logs
[2025-04-16T19:28:31.962+0000] {taskinstance.py:1206} INFO - Marking task as SUCCESS. dag_id=plusvalia_pipeline, task_id=extract_geodata, run_id=manual__2025-04-16T19:26:46.627755+00:00, execution_date=20250416T192646, start_date=20250416T192830, end_date=20250416T192831
[2025-04-16T19:28:32.041+0000] {local_task_job_runner.py:240} INFO - Task exited with return code 0
[2025-04-16T19:28:32.088+0000] {taskinstance.py:3498} INFO - 1 downstream tasks scheduled from follow-on schedule check
[2025-04-16T19:28:32.100+0000] {local_task_job_runner.py:222} INFO - ::endgroup::
