[2025-04-16T19:28:33.892+0000] {local_task_job_runner.py:120} INFO - ::group::Pre task execution logs
[2025-04-16T19:28:33.987+0000] {taskinstance.py:2076} INFO - Dependencies all met for dep_context=non-requeueable deps ti=<TaskInstance: plusvalia_pipeline.transform_cruces manual__2025-04-16T19:26:46.627755+00:00 [queued]>
[2025-04-16T19:28:34.030+0000] {taskinstance.py:2076} INFO - Dependencies all met for dep_context=requeueable deps ti=<TaskInstance: plusvalia_pipeline.transform_cruces manual__2025-04-16T19:26:46.627755+00:00 [queued]>
[2025-04-16T19:28:34.031+0000] {taskinstance.py:2306} INFO - Starting attempt 1 of 2
[2025-04-16T19:28:34.082+0000] {taskinstance.py:2330} INFO - Executing <Task(PythonOperator): transform_cruces> on 2025-04-16 19:26:46.627755+00:00
[2025-04-16T19:28:34.105+0000] {standard_task_runner.py:90} INFO - Running: ['***', 'tasks', 'run', 'plusvalia_pipeline', 'transform_cruces', 'manual__2025-04-16T19:26:46.627755+00:00', '--job-id', '4', '--raw', '--subdir', 'DAGS_FOLDER/plusvalia_pipeline_dag.py', '--cfg-path', '/tmp/tmpb30ec3dj']
[2025-04-16T19:28:34.112+0000] {standard_task_runner.py:91} INFO - Job 4: Subtask transform_cruces
[2025-04-16T19:28:34.115+0000] {logging_mixin.py:188} WARNING - /home/***/.local/lib/python3.12/site-packages/***/task/task_runner/standard_task_runner.py:61 DeprecationWarning: This process (pid=208) is multi-threaded, use of fork() may lead to deadlocks in the child.
[2025-04-16T19:28:34.117+0000] {standard_task_runner.py:63} INFO - Started process 210 to run task
[2025-04-16T19:28:34.206+0000] {task_command.py:426} INFO - Running <TaskInstance: plusvalia_pipeline.transform_cruces manual__2025-04-16T19:26:46.627755+00:00 [running]> on host ffdc4f08b9b2
[2025-04-16T19:28:34.522+0000] {taskinstance.py:2648} INFO - Exporting env vars: AIRFLOW_CTX_DAG_OWNER='Brayan Miranda' AIRFLOW_CTX_DAG_ID='plusvalia_pipeline' AIRFLOW_CTX_TASK_ID='transform_cruces' AIRFLOW_CTX_EXECUTION_DATE='2025-04-16T19:26:46.627755+00:00' AIRFLOW_CTX_TRY_NUMBER='1' AIRFLOW_CTX_DAG_RUN_ID='manual__2025-04-16T19:26:46.627755+00:00'
[2025-04-16T19:28:34.525+0000] {taskinstance.py:430} INFO - ::endgroup::
[2025-04-16T19:28:34.564+0000] {logging_mixin.py:188} INFO - Procesando cruces y cálculo de score...
[2025-04-16T19:28:35.845+0000] {raw.py:723} INFO - Created 126 records
[2025-04-16T19:28:36.314+0000] {logging_mixin.py:188} INFO - Datos procesados y guardados en data/processed/
[2025-04-16T19:28:36.318+0000] {python.py:237} INFO - Done. Returned value was: None
[2025-04-16T19:28:36.319+0000] {taskinstance.py:441} INFO - ::group::Post task execution logs
[2025-04-16T19:28:36.341+0000] {taskinstance.py:1206} INFO - Marking task as SUCCESS. dag_id=plusvalia_pipeline, task_id=transform_cruces, run_id=manual__2025-04-16T19:26:46.627755+00:00, execution_date=20250416T192646, start_date=20250416T192833, end_date=20250416T192836
[2025-04-16T19:28:36.395+0000] {local_task_job_runner.py:240} INFO - Task exited with return code 0
[2025-04-16T19:28:36.430+0000] {taskinstance.py:3498} INFO - 1 downstream tasks scheduled from follow-on schedule check
[2025-04-16T19:28:36.450+0000] {local_task_job_runner.py:222} INFO - ::endgroup::
